2025-04-07 10:33:17.718 [main] INFO  com.tps.springboot.SpringbootApplication - Starting SpringbootApplication using Java 1.8.0_442 on Hero with PID 33540 (J:\机器学习\transportation_predict_syste_demo\target\classes started by a3159 in J:\机器学习)
2025-04-07 10:33:17.720 [main] INFO  com.tps.springboot.SpringbootApplication - No active profile set, falling back to default profiles: default
2025-04-07 10:33:18.286 [main] INFO  o.s.d.r.config.RepositoryConfigurationDelegate - Multiple Spring Data modules found, entering strict repository configuration mode!
2025-04-07 10:33:18.287 [main] INFO  o.s.d.r.config.RepositoryConfigurationDelegate - Bootstrapping Spring Data Redis repositories in DEFAULT mode.
2025-04-07 10:33:18.315 [main] INFO  o.s.d.r.config.RepositoryConfigurationDelegate - Finished Spring Data repository scanning in 7 ms. Found 0 Redis repository interfaces.
2025-04-07 10:33:18.619 [main] INFO  o.s.boot.web.embedded.tomcat.TomcatWebServer - Tomcat initialized with port(s): 9090 (http)
2025-04-07 10:33:18.624 [main] INFO  org.apache.coyote.http11.Http11NioProtocol - Initializing ProtocolHandler ["http-nio-9090"]
2025-04-07 10:33:18.624 [main] INFO  org.apache.catalina.core.StandardService - Starting service [Tomcat]
2025-04-07 10:33:18.624 [main] INFO  org.apache.catalina.core.StandardEngine - Starting Servlet engine: [Apache Tomcat/9.0.56]
2025-04-07 10:33:18.674 [main] INFO  o.a.c.core.ContainerBase.[Tomcat].[localhost].[/] - Initializing Spring embedded WebApplicationContext
2025-04-07 10:33:18.674 [main] INFO  o.s.b.w.s.c.ServletWebServerApplicationContext - Root WebApplicationContext: initialization completed in 927 ms
2025-04-07 10:33:20.331 [main] INFO  org.apache.coyote.http11.Http11NioProtocol - Starting ProtocolHandler ["http-nio-9090"]
2025-04-07 10:33:20.342 [main] INFO  o.s.boot.web.embedded.tomcat.TomcatWebServer - Tomcat started on port(s): 9090 (http) with context path ''
2025-04-07 10:33:20.551 [main] INFO  com.tps.springboot.SpringbootApplication - Started SpringbootApplication in 3.137 seconds (JVM running for 3.934)
2025-04-07 14:31:56.743 [main] INFO  com.tps.springboot.SpringbootApplication - Starting SpringbootApplication using Java 1.8.0_442 on Hero with PID 30616 (J:\机器学习\transportation_predict_syste_demo\target\classes started by a3159 in J:\机器学习)
2025-04-07 14:31:56.745 [main] INFO  com.tps.springboot.SpringbootApplication - No active profile set, falling back to default profiles: default
2025-04-07 14:31:57.409 [main] INFO  o.s.d.r.config.RepositoryConfigurationDelegate - Multiple Spring Data modules found, entering strict repository configuration mode!
2025-04-07 14:31:57.411 [main] INFO  o.s.d.r.config.RepositoryConfigurationDelegate - Bootstrapping Spring Data Redis repositories in DEFAULT mode.
2025-04-07 14:31:57.430 [main] INFO  o.s.d.r.config.RepositoryConfigurationDelegate - Finished Spring Data repository scanning in 9 ms. Found 0 Redis repository interfaces.
2025-04-07 14:31:57.779 [main] INFO  o.s.boot.web.embedded.tomcat.TomcatWebServer - Tomcat initialized with port(s): 9090 (http)
2025-04-07 14:31:57.785 [main] INFO  org.apache.coyote.http11.Http11NioProtocol - Initializing ProtocolHandler ["http-nio-9090"]
2025-04-07 14:31:57.785 [main] INFO  org.apache.catalina.core.StandardService - Starting service [Tomcat]
2025-04-07 14:31:57.785 [main] INFO  org.apache.catalina.core.StandardEngine - Starting Servlet engine: [Apache Tomcat/9.0.56]
2025-04-07 14:31:57.840 [main] INFO  o.a.c.core.ContainerBase.[Tomcat].[localhost].[/] - Initializing Spring embedded WebApplicationContext
2025-04-07 14:31:57.840 [main] INFO  o.s.b.w.s.c.ServletWebServerApplicationContext - Root WebApplicationContext: initialization completed in 1065 ms
2025-04-07 14:31:59.511 [main] INFO  org.apache.coyote.http11.Http11NioProtocol - Starting ProtocolHandler ["http-nio-9090"]
2025-04-07 14:31:59.532 [main] INFO  o.s.boot.web.embedded.tomcat.TomcatWebServer - Tomcat started on port(s): 9090 (http) with context path ''
2025-04-07 14:31:59.762 [main] INFO  com.tps.springboot.SpringbootApplication - Started SpringbootApplication in 3.37 seconds (JVM running for 4.383)
2025-04-07 14:32:11.871 [http-nio-9090-exec-5] INFO  o.a.c.core.ContainerBase.[Tomcat].[localhost].[/] - Initializing Spring DispatcherServlet 'dispatcherServlet'
2025-04-07 14:32:11.872 [http-nio-9090-exec-5] INFO  org.springframework.web.servlet.DispatcherServlet - Initializing Servlet 'dispatcherServlet'
2025-04-07 14:32:11.873 [http-nio-9090-exec-5] INFO  org.springframework.web.servlet.DispatcherServlet - Completed initialization in 1 ms
2025-04-07 14:32:11.955 [http-nio-9090-exec-4] INFO  com.zaxxer.hikari.HikariDataSource - HikariPool-1 - Starting...
2025-04-07 14:32:12.178 [http-nio-9090-exec-4] INFO  com.zaxxer.hikari.HikariDataSource - HikariPool-1 - Start completed.
2025-04-07 14:48:50.697 [SpringApplicationShutdownHook] INFO  com.zaxxer.hikari.HikariDataSource - HikariPool-1 - Shutdown initiated...
2025-04-07 14:48:50.704 [SpringApplicationShutdownHook] INFO  com.zaxxer.hikari.HikariDataSource - HikariPool-1 - Shutdown completed.
2025-04-07 14:48:53.395 [main] INFO  com.tps.springboot.SpringbootApplication - Starting SpringbootApplication using Java 1.8.0_442 on Hero with PID 15936 (J:\机器学习\transportation_predict_syste_demo\target\classes started by a3159 in J:\机器学习)
2025-04-07 14:48:53.397 [main] INFO  com.tps.springboot.SpringbootApplication - No active profile set, falling back to default profiles: default
2025-04-07 14:48:54.055 [main] INFO  o.s.d.r.config.RepositoryConfigurationDelegate - Multiple Spring Data modules found, entering strict repository configuration mode!
2025-04-07 14:48:54.057 [main] INFO  o.s.d.r.config.RepositoryConfigurationDelegate - Bootstrapping Spring Data Redis repositories in DEFAULT mode.
2025-04-07 14:48:54.078 [main] INFO  o.s.d.r.config.RepositoryConfigurationDelegate - Finished Spring Data repository scanning in 10 ms. Found 0 Redis repository interfaces.
2025-04-07 14:48:54.404 [main] INFO  o.s.boot.web.embedded.tomcat.TomcatWebServer - Tomcat initialized with port(s): 9090 (http)
2025-04-07 14:48:54.410 [main] INFO  org.apache.coyote.http11.Http11NioProtocol - Initializing ProtocolHandler ["http-nio-9090"]
2025-04-07 14:48:54.410 [main] INFO  org.apache.catalina.core.StandardService - Starting service [Tomcat]
2025-04-07 14:48:54.411 [main] INFO  org.apache.catalina.core.StandardEngine - Starting Servlet engine: [Apache Tomcat/9.0.56]
2025-04-07 14:48:54.471 [main] INFO  o.a.c.core.ContainerBase.[Tomcat].[localhost].[/] - Initializing Spring embedded WebApplicationContext
2025-04-07 14:48:54.471 [main] INFO  o.s.b.w.s.c.ServletWebServerApplicationContext - Root WebApplicationContext: initialization completed in 1044 ms
2025-04-07 14:48:56.201 [main] INFO  org.apache.coyote.http11.Http11NioProtocol - Starting ProtocolHandler ["http-nio-9090"]
2025-04-07 14:48:56.211 [main] INFO  o.s.boot.web.embedded.tomcat.TomcatWebServer - Tomcat started on port(s): 9090 (http) with context path ''
2025-04-07 14:48:56.415 [main] INFO  com.tps.springboot.SpringbootApplication - Started SpringbootApplication in 3.289 seconds (JVM running for 4.183)
2025-04-07 14:49:13.821 [http-nio-9090-exec-2] INFO  o.a.c.core.ContainerBase.[Tomcat].[localhost].[/] - Initializing Spring DispatcherServlet 'dispatcherServlet'
2025-04-07 14:49:13.821 [http-nio-9090-exec-2] INFO  org.springframework.web.servlet.DispatcherServlet - Initializing Servlet 'dispatcherServlet'
2025-04-07 14:49:13.823 [http-nio-9090-exec-2] INFO  org.springframework.web.servlet.DispatcherServlet - Completed initialization in 1 ms
2025-04-07 14:49:13.895 [http-nio-9090-exec-2] INFO  com.zaxxer.hikari.HikariDataSource - HikariPool-1 - Starting...
2025-04-07 14:49:14.086 [http-nio-9090-exec-2] INFO  com.zaxxer.hikari.HikariDataSource - HikariPool-1 - Start completed.
2025-04-07 14:58:28.982 [SpringApplicationShutdownHook] INFO  com.zaxxer.hikari.HikariDataSource - HikariPool-1 - Shutdown initiated...
2025-04-07 14:58:28.990 [SpringApplicationShutdownHook] INFO  com.zaxxer.hikari.HikariDataSource - HikariPool-1 - Shutdown completed.
2025-04-07 14:58:32.741 [main] INFO  com.tps.springboot.SpringbootApplication - Starting SpringbootApplication using Java 1.8.0_442 on Hero with PID 14232 (J:\机器学习\transportation_predict_syste_demo\target\classes started by a3159 in J:\机器学习)
2025-04-07 14:58:32.744 [main] INFO  com.tps.springboot.SpringbootApplication - No active profile set, falling back to default profiles: default
2025-04-07 14:58:33.308 [main] INFO  o.s.d.r.config.RepositoryConfigurationDelegate - Multiple Spring Data modules found, entering strict repository configuration mode!
2025-04-07 14:58:33.310 [main] INFO  o.s.d.r.config.RepositoryConfigurationDelegate - Bootstrapping Spring Data Redis repositories in DEFAULT mode.
2025-04-07 14:58:33.326 [main] INFO  o.s.d.r.config.RepositoryConfigurationDelegate - Finished Spring Data repository scanning in 7 ms. Found 0 Redis repository interfaces.
2025-04-07 14:58:33.650 [main] INFO  o.s.boot.web.embedded.tomcat.TomcatWebServer - Tomcat initialized with port(s): 9090 (http)
2025-04-07 14:58:33.655 [main] INFO  org.apache.coyote.http11.Http11NioProtocol - Initializing ProtocolHandler ["http-nio-9090"]
2025-04-07 14:58:33.655 [main] INFO  org.apache.catalina.core.StandardService - Starting service [Tomcat]
2025-04-07 14:58:33.655 [main] INFO  org.apache.catalina.core.StandardEngine - Starting Servlet engine: [Apache Tomcat/9.0.56]
2025-04-07 14:58:33.708 [main] INFO  o.a.c.core.ContainerBase.[Tomcat].[localhost].[/] - Initializing Spring embedded WebApplicationContext
2025-04-07 14:58:33.708 [main] INFO  o.s.b.w.s.c.ServletWebServerApplicationContext - Root WebApplicationContext: initialization completed in 937 ms
2025-04-07 14:58:35.191 [main] INFO  org.apache.coyote.http11.Http11NioProtocol - Starting ProtocolHandler ["http-nio-9090"]
2025-04-07 14:58:35.202 [main] INFO  o.s.boot.web.embedded.tomcat.TomcatWebServer - Tomcat started on port(s): 9090 (http) with context path ''
2025-04-07 14:58:35.397 [main] INFO  com.tps.springboot.SpringbootApplication - Started SpringbootApplication in 2.892 seconds (JVM running for 3.634)
2025-04-07 14:59:07.293 [http-nio-9090-exec-6] INFO  o.a.c.core.ContainerBase.[Tomcat].[localhost].[/] - Initializing Spring DispatcherServlet 'dispatcherServlet'
2025-04-07 14:59:07.293 [http-nio-9090-exec-6] INFO  org.springframework.web.servlet.DispatcherServlet - Initializing Servlet 'dispatcherServlet'
2025-04-07 14:59:07.294 [http-nio-9090-exec-6] INFO  org.springframework.web.servlet.DispatcherServlet - Completed initialization in 1 ms
2025-04-07 14:59:07.366 [http-nio-9090-exec-5] INFO  com.zaxxer.hikari.HikariDataSource - HikariPool-1 - Starting...
2025-04-07 14:59:07.619 [http-nio-9090-exec-5] INFO  com.zaxxer.hikari.HikariDataSource - HikariPool-1 - Start completed.
2025-04-07 15:06:15.854 [SpringApplicationShutdownHook] INFO  com.zaxxer.hikari.HikariDataSource - HikariPool-1 - Shutdown initiated...
2025-04-07 15:06:15.860 [SpringApplicationShutdownHook] INFO  com.zaxxer.hikari.HikariDataSource - HikariPool-1 - Shutdown completed.
2025-04-07 15:06:19.291 [main] INFO  com.tps.springboot.SpringbootApplication - Starting SpringbootApplication using Java 1.8.0_442 on Hero with PID 42412 (J:\机器学习\transportation_predict_syste_demo\target\classes started by a3159 in J:\机器学习)
2025-04-07 15:06:19.292 [main] INFO  com.tps.springboot.SpringbootApplication - No active profile set, falling back to default profiles: default
2025-04-07 15:06:19.851 [main] INFO  o.s.d.r.config.RepositoryConfigurationDelegate - Multiple Spring Data modules found, entering strict repository configuration mode!
2025-04-07 15:06:19.852 [main] INFO  o.s.d.r.config.RepositoryConfigurationDelegate - Bootstrapping Spring Data Redis repositories in DEFAULT mode.
2025-04-07 15:06:19.871 [main] INFO  o.s.d.r.config.RepositoryConfigurationDelegate - Finished Spring Data repository scanning in 9 ms. Found 0 Redis repository interfaces.
2025-04-07 15:06:20.181 [main] INFO  o.s.boot.web.embedded.tomcat.TomcatWebServer - Tomcat initialized with port(s): 9090 (http)
2025-04-07 15:06:20.186 [main] INFO  org.apache.coyote.http11.Http11NioProtocol - Initializing ProtocolHandler ["http-nio-9090"]
2025-04-07 15:06:20.186 [main] INFO  org.apache.catalina.core.StandardService - Starting service [Tomcat]
2025-04-07 15:06:20.186 [main] INFO  org.apache.catalina.core.StandardEngine - Starting Servlet engine: [Apache Tomcat/9.0.56]
2025-04-07 15:06:20.239 [main] INFO  o.a.c.core.ContainerBase.[Tomcat].[localhost].[/] - Initializing Spring embedded WebApplicationContext
2025-04-07 15:06:20.240 [main] INFO  o.s.b.w.s.c.ServletWebServerApplicationContext - Root WebApplicationContext: initialization completed in 919 ms
2025-04-07 15:06:21.763 [main] INFO  org.apache.coyote.http11.Http11NioProtocol - Starting ProtocolHandler ["http-nio-9090"]
2025-04-07 15:06:21.773 [main] INFO  o.s.boot.web.embedded.tomcat.TomcatWebServer - Tomcat started on port(s): 9090 (http) with context path ''
2025-04-07 15:06:21.977 [main] INFO  com.tps.springboot.SpringbootApplication - Started SpringbootApplication in 2.955 seconds (JVM running for 3.742)
2025-04-07 15:08:31.287 [http-nio-9090-exec-6] INFO  o.a.c.core.ContainerBase.[Tomcat].[localhost].[/] - Initializing Spring DispatcherServlet 'dispatcherServlet'
2025-04-07 15:08:31.288 [http-nio-9090-exec-6] INFO  org.springframework.web.servlet.DispatcherServlet - Initializing Servlet 'dispatcherServlet'
2025-04-07 15:08:31.897 [http-nio-9090-exec-6] INFO  org.springframework.web.servlet.DispatcherServlet - Completed initialization in 2 ms
2025-04-07 15:08:31.972 [http-nio-9090-exec-3] INFO  com.zaxxer.hikari.HikariDataSource - HikariPool-1 - Starting...
2025-04-07 15:08:32.164 [http-nio-9090-exec-3] INFO  com.zaxxer.hikari.HikariDataSource - HikariPool-1 - Start completed.
2025-04-07 15:42:06.511 [main] INFO  com.tps.springboot.SpringbootApplication - Starting SpringbootApplication using Java 1.8.0_442 on Hero with PID 18080 (J:\机器学习\transportation_predict_syste_demo\target\classes started by a3159 in J:\机器学习)
2025-04-07 15:42:06.513 [main] INFO  com.tps.springboot.SpringbootApplication - No active profile set, falling back to default profiles: default
2025-04-07 15:42:07.069 [main] INFO  o.s.d.r.config.RepositoryConfigurationDelegate - Multiple Spring Data modules found, entering strict repository configuration mode!
2025-04-07 15:42:07.070 [main] INFO  o.s.d.r.config.RepositoryConfigurationDelegate - Bootstrapping Spring Data Redis repositories in DEFAULT mode.
2025-04-07 15:42:07.088 [main] INFO  o.s.d.r.config.RepositoryConfigurationDelegate - Finished Spring Data repository scanning in 8 ms. Found 0 Redis repository interfaces.
2025-04-07 15:42:07.400 [main] INFO  o.s.boot.web.embedded.tomcat.TomcatWebServer - Tomcat initialized with port(s): 9090 (http)
2025-04-07 15:42:07.405 [main] INFO  org.apache.coyote.http11.Http11NioProtocol - Initializing ProtocolHandler ["http-nio-9090"]
2025-04-07 15:42:07.406 [main] INFO  org.apache.catalina.core.StandardService - Starting service [Tomcat]
2025-04-07 15:42:07.406 [main] INFO  org.apache.catalina.core.StandardEngine - Starting Servlet engine: [Apache Tomcat/9.0.56]
2025-04-07 15:42:07.465 [main] INFO  o.a.c.core.ContainerBase.[Tomcat].[localhost].[/] - Initializing Spring embedded WebApplicationContext
2025-04-07 15:42:07.465 [main] INFO  o.s.b.w.s.c.ServletWebServerApplicationContext - Root WebApplicationContext: initialization completed in 924 ms
2025-04-07 15:42:09.125 [main] INFO  org.apache.coyote.http11.Http11NioProtocol - Starting ProtocolHandler ["http-nio-9090"]
2025-04-07 15:42:09.143 [main] INFO  org.apache.coyote.http11.Http11NioProtocol - Pausing ProtocolHandler ["http-nio-9090"]
2025-04-07 15:42:09.144 [main] INFO  org.apache.catalina.core.StandardService - Stopping service [Tomcat]
2025-04-07 15:42:09.147 [main] INFO  org.apache.coyote.http11.Http11NioProtocol - Stopping ProtocolHandler ["http-nio-9090"]
2025-04-07 15:42:09.147 [main] INFO  org.apache.coyote.http11.Http11NioProtocol - Destroying ProtocolHandler ["http-nio-9090"]
2025-04-07 15:42:09.150 [main] INFO  o.s.b.a.l.ConditionEvaluationReportLoggingListener - 

Error starting ApplicationContext. To display the conditions report re-run your application with 'debug' enabled.
2025-04-07 15:42:10.062 [SpringApplicationShutdownHook] INFO  com.zaxxer.hikari.HikariDataSource - HikariPool-1 - Shutdown initiated...
2025-04-07 15:42:10.070 [SpringApplicationShutdownHook] INFO  com.zaxxer.hikari.HikariDataSource - HikariPool-1 - Shutdown completed.
2025-04-07 15:44:37.499 [main] INFO  com.tps.springboot.SpringbootApplication - Starting SpringbootApplication using Java 1.8.0_442 on Hero with PID 19520 (J:\机器学习\transportation_predict_syste_demo\target\classes started by a3159 in J:\机器学习)
2025-04-07 15:44:37.501 [main] INFO  com.tps.springboot.SpringbootApplication - No active profile set, falling back to default profiles: default
2025-04-07 15:44:38.137 [main] INFO  o.s.d.r.config.RepositoryConfigurationDelegate - Multiple Spring Data modules found, entering strict repository configuration mode!
2025-04-07 15:44:38.138 [main] INFO  o.s.d.r.config.RepositoryConfigurationDelegate - Bootstrapping Spring Data Redis repositories in DEFAULT mode.
2025-04-07 15:44:38.156 [main] INFO  o.s.d.r.config.RepositoryConfigurationDelegate - Finished Spring Data repository scanning in 8 ms. Found 0 Redis repository interfaces.
2025-04-07 15:44:38.481 [main] INFO  o.s.boot.web.embedded.tomcat.TomcatWebServer - Tomcat initialized with port(s): 9090 (http)
2025-04-07 15:44:38.486 [main] INFO  org.apache.coyote.http11.Http11NioProtocol - Initializing ProtocolHandler ["http-nio-9090"]
2025-04-07 15:44:38.486 [main] INFO  org.apache.catalina.core.StandardService - Starting service [Tomcat]
2025-04-07 15:44:38.486 [main] INFO  org.apache.catalina.core.StandardEngine - Starting Servlet engine: [Apache Tomcat/9.0.56]
2025-04-07 15:44:38.541 [main] INFO  o.a.c.core.ContainerBase.[Tomcat].[localhost].[/] - Initializing Spring embedded WebApplicationContext
2025-04-07 15:44:38.542 [main] INFO  o.s.b.w.s.c.ServletWebServerApplicationContext - Root WebApplicationContext: initialization completed in 1009 ms
2025-04-07 15:44:40.213 [main] INFO  org.apache.coyote.http11.Http11NioProtocol - Starting ProtocolHandler ["http-nio-9090"]
2025-04-07 15:44:40.228 [main] INFO  o.s.boot.web.embedded.tomcat.TomcatWebServer - Tomcat started on port(s): 9090 (http) with context path ''
2025-04-07 15:44:40.446 [main] INFO  com.tps.springboot.SpringbootApplication - Started SpringbootApplication in 3.205 seconds (JVM running for 3.976)
2025-04-07 15:44:51.732 [http-nio-9090-exec-3] INFO  o.a.c.core.ContainerBase.[Tomcat].[localhost].[/] - Initializing Spring DispatcherServlet 'dispatcherServlet'
2025-04-07 15:44:51.732 [http-nio-9090-exec-3] INFO  org.springframework.web.servlet.DispatcherServlet - Initializing Servlet 'dispatcherServlet'
2025-04-07 15:44:51.733 [http-nio-9090-exec-3] INFO  org.springframework.web.servlet.DispatcherServlet - Completed initialization in 1 ms
2025-04-07 15:44:51.800 [http-nio-9090-exec-1] INFO  com.zaxxer.hikari.HikariDataSource - HikariPool-1 - Starting...
2025-04-07 15:44:52.017 [http-nio-9090-exec-1] INFO  com.zaxxer.hikari.HikariDataSource - HikariPool-1 - Start completed.
2025-04-07 15:52:07.861 [SpringApplicationShutdownHook] INFO  com.zaxxer.hikari.HikariDataSource - HikariPool-1 - Shutdown initiated...
2025-04-07 15:52:07.869 [SpringApplicationShutdownHook] INFO  com.zaxxer.hikari.HikariDataSource - HikariPool-1 - Shutdown completed.
2025-04-07 15:58:56.215 [main] INFO  com.tps.springboot.SpringbootApplication - Starting SpringbootApplication using Java 1.8.0_442 on Hero with PID 36032 (J:\机器学习\transportation_predict_syste_demo\target\classes started by a3159 in J:\机器学习)
2025-04-07 15:58:56.217 [main] INFO  com.tps.springboot.SpringbootApplication - No active profile set, falling back to default profiles: default
2025-04-07 15:58:56.762 [main] INFO  o.s.d.r.config.RepositoryConfigurationDelegate - Multiple Spring Data modules found, entering strict repository configuration mode!
2025-04-07 15:58:56.763 [main] INFO  o.s.d.r.config.RepositoryConfigurationDelegate - Bootstrapping Spring Data Redis repositories in DEFAULT mode.
2025-04-07 15:58:56.779 [main] INFO  o.s.d.r.config.RepositoryConfigurationDelegate - Finished Spring Data repository scanning in 7 ms. Found 0 Redis repository interfaces.
2025-04-07 15:58:57.092 [main] INFO  o.s.boot.web.embedded.tomcat.TomcatWebServer - Tomcat initialized with port(s): 9090 (http)
2025-04-07 15:58:57.097 [main] INFO  org.apache.coyote.http11.Http11NioProtocol - Initializing ProtocolHandler ["http-nio-9090"]
2025-04-07 15:58:57.097 [main] INFO  org.apache.catalina.core.StandardService - Starting service [Tomcat]
2025-04-07 15:58:57.097 [main] INFO  org.apache.catalina.core.StandardEngine - Starting Servlet engine: [Apache Tomcat/9.0.56]
2025-04-07 15:58:57.149 [main] INFO  o.a.c.core.ContainerBase.[Tomcat].[localhost].[/] - Initializing Spring embedded WebApplicationContext
2025-04-07 15:58:57.150 [main] INFO  o.s.b.w.s.c.ServletWebServerApplicationContext - Root WebApplicationContext: initialization completed in 904 ms
2025-04-07 15:58:58.642 [main] INFO  org.apache.coyote.http11.Http11NioProtocol - Starting ProtocolHandler ["http-nio-9090"]
2025-04-07 15:58:58.651 [main] INFO  o.s.boot.web.embedded.tomcat.TomcatWebServer - Tomcat started on port(s): 9090 (http) with context path ''
2025-04-07 15:58:58.846 [main] INFO  com.tps.springboot.SpringbootApplication - Started SpringbootApplication in 2.856 seconds (JVM running for 3.564)
2025-04-07 15:59:44.335 [http-nio-9090-exec-1] INFO  o.a.c.core.ContainerBase.[Tomcat].[localhost].[/] - Initializing Spring DispatcherServlet 'dispatcherServlet'
2025-04-07 15:59:44.335 [http-nio-9090-exec-1] INFO  org.springframework.web.servlet.DispatcherServlet - Initializing Servlet 'dispatcherServlet'
2025-04-07 15:59:44.337 [http-nio-9090-exec-1] INFO  org.springframework.web.servlet.DispatcherServlet - Completed initialization in 2 ms
2025-04-07 15:59:44.404 [http-nio-9090-exec-3] INFO  com.zaxxer.hikari.HikariDataSource - HikariPool-1 - Starting...
2025-04-07 15:59:44.570 [http-nio-9090-exec-3] INFO  com.zaxxer.hikari.HikariDataSource - HikariPool-1 - Start completed.
2025-04-07 16:05:28.712 [SpringApplicationShutdownHook] INFO  com.zaxxer.hikari.HikariDataSource - HikariPool-1 - Shutdown initiated...
2025-04-07 16:05:28.722 [SpringApplicationShutdownHook] INFO  com.zaxxer.hikari.HikariDataSource - HikariPool-1 - Shutdown completed.
2025-04-07 16:05:32.987 [main] INFO  com.tps.springboot.SpringbootApplication - Starting SpringbootApplication using Java 1.8.0_442 on Hero with PID 42848 (J:\机器学习\transportation_predict_syste_demo\target\classes started by a3159 in J:\机器学习)
2025-04-07 16:05:32.989 [main] INFO  com.tps.springboot.SpringbootApplication - No active profile set, falling back to default profiles: default
2025-04-07 16:05:33.568 [main] INFO  o.s.d.r.config.RepositoryConfigurationDelegate - Multiple Spring Data modules found, entering strict repository configuration mode!
2025-04-07 16:05:33.570 [main] INFO  o.s.d.r.config.RepositoryConfigurationDelegate - Bootstrapping Spring Data Redis repositories in DEFAULT mode.
2025-04-07 16:05:33.586 [main] INFO  o.s.d.r.config.RepositoryConfigurationDelegate - Finished Spring Data repository scanning in 7 ms. Found 0 Redis repository interfaces.
2025-04-07 16:05:33.895 [main] INFO  o.s.boot.web.embedded.tomcat.TomcatWebServer - Tomcat initialized with port(s): 9090 (http)
2025-04-07 16:05:33.900 [main] INFO  org.apache.coyote.http11.Http11NioProtocol - Initializing ProtocolHandler ["http-nio-9090"]
2025-04-07 16:05:33.900 [main] INFO  org.apache.catalina.core.StandardService - Starting service [Tomcat]
2025-04-07 16:05:33.901 [main] INFO  org.apache.catalina.core.StandardEngine - Starting Servlet engine: [Apache Tomcat/9.0.56]
2025-04-07 16:05:33.954 [main] INFO  o.a.c.core.ContainerBase.[Tomcat].[localhost].[/] - Initializing Spring embedded WebApplicationContext
2025-04-07 16:05:33.954 [main] INFO  o.s.b.w.s.c.ServletWebServerApplicationContext - Root WebApplicationContext: initialization completed in 934 ms
2025-04-07 16:05:35.575 [main] INFO  org.apache.coyote.http11.Http11NioProtocol - Starting ProtocolHandler ["http-nio-9090"]
2025-04-07 16:05:35.586 [main] INFO  o.s.boot.web.embedded.tomcat.TomcatWebServer - Tomcat started on port(s): 9090 (http) with context path ''
2025-04-07 16:05:35.786 [main] INFO  com.tps.springboot.SpringbootApplication - Started SpringbootApplication in 3.081 seconds (JVM running for 3.975)
2025-04-07 16:05:49.879 [http-nio-9090-exec-1] INFO  o.a.c.core.ContainerBase.[Tomcat].[localhost].[/] - Initializing Spring DispatcherServlet 'dispatcherServlet'
2025-04-07 16:05:49.879 [http-nio-9090-exec-1] INFO  org.springframework.web.servlet.DispatcherServlet - Initializing Servlet 'dispatcherServlet'
2025-04-07 16:05:49.880 [http-nio-9090-exec-1] INFO  org.springframework.web.servlet.DispatcherServlet - Completed initialization in 1 ms
2025-04-07 16:05:49.976 [http-nio-9090-exec-2] INFO  com.zaxxer.hikari.HikariDataSource - HikariPool-1 - Starting...
2025-04-07 16:05:50.128 [http-nio-9090-exec-2] INFO  com.zaxxer.hikari.HikariDataSource - HikariPool-1 - Start completed.
